{"C:\\Users\\helpr\\atividade25-05\\src\\DiscountService.js": {"path":"C:\\Users\\helpr\\atividade25-05\\src\\DiscountService.js","statementMap":{"0":{"start":{"line":3,"column":8},"end":{"line":5,"column":9}},"1":{"start":{"line":4,"column":12},"end":{"line":4,"column":56}},"2":{"start":{"line":6,"column":8},"end":{"line":8,"column":9}},"3":{"start":{"line":7,"column":12},"end":{"line":7,"column":66}},"4":{"start":{"line":9,"column":8},"end":{"line":11,"column":9}},"5":{"start":{"line":10,"column":12},"end":{"line":10,"column":53}},"6":{"start":{"line":12,"column":8},"end":{"line":12,"column":17}},"7":{"start":{"line":15,"column":0},"end":{"line":15,"column":33}}},"fnMap":{"0":{"name":"(anonymous_0)","decl":{"start":{"line":2,"column":4},"end":{"line":2,"column":5}},"loc":{"start":{"line":2,"column":36},"end":{"line":13,"column":5}},"line":2}},"branchMap":{"0":{"loc":{"start":{"line":3,"column":8},"end":{"line":5,"column":9}},"type":"if","locations":[{"start":{"line":3,"column":8},"end":{"line":5,"column":9}},{"start":{},"end":{}}],"line":3},"1":{"loc":{"start":{"line":3,"column":11},"end":{"line":3,"column":51}},"type":"binary-expr","locations":[{"start":{"line":3,"column":11},"end":{"line":3,"column":37}},{"start":{"line":3,"column":41},"end":{"line":3,"column":51}}],"line":3},"2":{"loc":{"start":{"line":6,"column":8},"end":{"line":8,"column":9}},"type":"if","locations":[{"start":{"line":6,"column":8},"end":{"line":8,"column":9}},{"start":{},"end":{}}],"line":6},"3":{"loc":{"start":{"line":7,"column":19},"end":{"line":7,"column":65}},"type":"cond-expr","locations":[{"start":{"line":7,"column":36},"end":{"line":7,"column":49}},{"start":{"line":7,"column":52},"end":{"line":7,"column":65}}],"line":7},"4":{"loc":{"start":{"line":9,"column":8},"end":{"line":11,"column":9}},"type":"if","locations":[{"start":{"line":9,"column":8},"end":{"line":11,"column":9}},{"start":{},"end":{}}],"line":9},"5":{"loc":{"start":{"line":10,"column":19},"end":{"line":10,"column":52}},"type":"cond-expr","locations":[{"start":{"line":10,"column":35},"end":{"line":10,"column":48}},{"start":{"line":10,"column":51},"end":{"line":10,"column":52}}],"line":10}},"s":{"0":7,"1":1,"2":6,"3":2,"4":4,"5":3,"6":1,"7":1},"f":{"0":7},"b":{"0":[1,6],"1":[7,6],"2":[2,4],"3":[1,1],"4":[3,1],"5":[1,2]},"_coverageSchema":"1a1c01bbd47fc00a2c39e90264f33305004495a9","hash":"49b92ffc6488736ca085f50cb8f741ce7688e00b"}
,"C:\\Users\\helpr\\atividade25-05\\src\\OrderProcessor.js": {"path":"C:\\Users\\helpr\\atividade25-05\\src\\OrderProcessor.js","statementMap":{"0":{"start":{"line":3,"column":8},"end":{"line":3,"column":45}},"1":{"start":{"line":4,"column":8},"end":{"line":4,"column":41}},"2":{"start":{"line":7,"column":8},"end":{"line":7,"column":69}},"3":{"start":{"line":7,"column":33},"end":{"line":7,"column":69}},"4":{"start":{"line":9,"column":23},"end":{"line":9,"column":72}},"5":{"start":{"line":10,"column":8},"end":{"line":16,"column":9}},"6":{"start":{"line":11,"column":12},"end":{"line":11,"column":68}},"7":{"start":{"line":12,"column":12},"end":{"line":12,"column":41}},"8":{"start":{"line":14,"column":12},"end":{"line":14,"column":72}},"9":{"start":{"line":15,"column":12},"end":{"line":15,"column":50}},"10":{"start":{"line":19,"column":0},"end":{"line":19,"column":32}}},"fnMap":{"0":{"name":"(anonymous_0)","decl":{"start":{"line":2,"column":4},"end":{"line":2,"column":5}},"loc":{"start":{"line":2,"column":45},"end":{"line":5,"column":5}},"line":2},"1":{"name":"(anonymous_1)","decl":{"start":{"line":6,"column":4},"end":{"line":6,"column":5}},"loc":{"start":{"line":6,"column":36},"end":{"line":17,"column":5}},"line":6}},"branchMap":{"0":{"loc":{"start":{"line":7,"column":8},"end":{"line":7,"column":69}},"type":"if","locations":[{"start":{"line":7,"column":8},"end":{"line":7,"column":69}},{"start":{},"end":{}}],"line":7},"1":{"loc":{"start":{"line":7,"column":11},"end":{"line":7,"column":31}},"type":"binary-expr","locations":[{"start":{"line":7,"column":11},"end":{"line":7,"column":16}},{"start":{"line":7,"column":20},"end":{"line":7,"column":31}}],"line":7},"2":{"loc":{"start":{"line":10,"column":8},"end":{"line":16,"column":9}},"type":"if","locations":[{"start":{"line":10,"column":8},"end":{"line":16,"column":9}},{"start":{"line":13,"column":13},"end":{"line":16,"column":9}}],"line":10}},"s":{"0":5,"1":5,"2":5,"3":2,"4":3,"5":2,"6":1,"7":1,"8":1,"9":1,"10":1},"f":{"0":5,"1":5},"b":{"0":[2,3],"1":[5,4],"2":[1,1]},"_coverageSchema":"1a1c01bbd47fc00a2c39e90264f33305004495a9","hash":"c1ab65099eb91c4995f7d211d9996cc6e47ead19"}
}
