TN:
SF:src\DiscountService.js
FN:2,(anonymous_0)
FNF:1
FNH:1
FNDA:7,(anonymous_0)
DA:3,7
DA:4,1
DA:6,6
DA:7,2
DA:9,4
DA:10,3
DA:12,1
DA:15,1
LF:8
LH:8
BRDA:3,0,0,1
BRDA:3,0,1,6
BRDA:3,1,0,7
BRDA:3,1,1,6
BRDA:6,2,0,2
BRDA:6,2,1,4
BRDA:7,3,0,1
BRDA:7,3,1,1
BRDA:9,4,0,3
BRDA:9,4,1,1
BRDA:10,5,0,1
BRDA:10,5,1,2
BRF:12
BRH:12
end_of_record
TN:
SF:src\OrderProcessor.js
FN:2,(anonymous_0)
FN:6,(anonymous_1)
FNF:2
FNH:2
FNDA:5,(anonymous_0)
FNDA:5,(anonymous_1)
DA:3,5
DA:4,5
DA:7,5
DA:9,3
DA:10,2
DA:11,1
DA:12,1
DA:14,1
DA:15,1
DA:19,1
LF:10
LH:10
BRDA:7,0,0,2
BRDA:7,0,1,3
BRDA:7,1,0,5
BRDA:7,1,1,4
BRDA:10,2,0,1
BRDA:10,2,1,1
BRF:6
BRH:6
end_of_record
